Linked: (/home/vscode/fav/catkin_ws/devel/.private/depth_controller/share/depth_controller/cmake/depth_controllerConfig.cmake, /home/vscode/fav/catkin_ws/devel/share/depth_controller/cmake/depth_controllerConfig.cmake)
Linked: (/home/vscode/fav/catkin_ws/devel/.private/depth_controller/share/depth_controller/cmake/depth_controller-msg-paths.cmake, /home/vscode/fav/catkin_ws/devel/share/depth_controller/cmake/depth_controller-msg-paths.cmake)
Linked: (/home/vscode/fav/catkin_ws/devel/.private/depth_controller/share/depth_controller/cmake/depth_controllerConfig-version.cmake, /home/vscode/fav/catkin_ws/devel/share/depth_controller/cmake/depth_controllerConfig-version.cmake)
Linked: (/home/vscode/fav/catkin_ws/devel/.private/depth_controller/share/depth_controller/cmake/depth_controller-msg-extras.cmake, /home/vscode/fav/catkin_ws/devel/share/depth_controller/cmake/depth_controller-msg-extras.cmake)
Linked: (/home/vscode/fav/catkin_ws/devel/.private/depth_controller/share/roseus/ros/depth_controller/manifest.l, /home/vscode/fav/catkin_ws/devel/share/roseus/ros/depth_controller/manifest.l)
Linked: (/home/vscode/fav/catkin_ws/devel/.private/depth_controller/share/roseus/ros/depth_controller/msg/ActuatorCommands.l, /home/vscode/fav/catkin_ws/devel/share/roseus/ros/depth_controller/msg/ActuatorCommands.l)
Linked: (/home/vscode/fav/catkin_ws/devel/.private/depth_controller/share/roseus/ros/depth_controller/msg/Orientation.l, /home/vscode/fav/catkin_ws/devel/share/roseus/ros/depth_controller/msg/Orientation.l)
Linked: (/home/vscode/fav/catkin_ws/devel/.private/depth_controller/share/gennodejs/ros/depth_controller/_index.js, /home/vscode/fav/catkin_ws/devel/share/gennodejs/ros/depth_controller/_index.js)
Linked: (/home/vscode/fav/catkin_ws/devel/.private/depth_controller/share/gennodejs/ros/depth_controller/msg/_index.js, /home/vscode/fav/catkin_ws/devel/share/gennodejs/ros/depth_controller/msg/_index.js)
Linked: (/home/vscode/fav/catkin_ws/devel/.private/depth_controller/share/gennodejs/ros/depth_controller/msg/Orientation.js, /home/vscode/fav/catkin_ws/devel/share/gennodejs/ros/depth_controller/msg/Orientation.js)
Linked: (/home/vscode/fav/catkin_ws/devel/.private/depth_controller/share/gennodejs/ros/depth_controller/msg/ActuatorCommands.js, /home/vscode/fav/catkin_ws/devel/share/gennodejs/ros/depth_controller/msg/ActuatorCommands.js)
Linked: (/home/vscode/fav/catkin_ws/devel/.private/depth_controller/share/common-lisp/ros/depth_controller/msg/depth_controller-msg.asd, /home/vscode/fav/catkin_ws/devel/share/common-lisp/ros/depth_controller/msg/depth_controller-msg.asd)
Linked: (/home/vscode/fav/catkin_ws/devel/.private/depth_controller/share/common-lisp/ros/depth_controller/msg/ActuatorCommands.lisp, /home/vscode/fav/catkin_ws/devel/share/common-lisp/ros/depth_controller/msg/ActuatorCommands.lisp)
Linked: (/home/vscode/fav/catkin_ws/devel/.private/depth_controller/share/common-lisp/ros/depth_controller/msg/_package_Orientation.lisp, /home/vscode/fav/catkin_ws/devel/share/common-lisp/ros/depth_controller/msg/_package_Orientation.lisp)
Linked: (/home/vscode/fav/catkin_ws/devel/.private/depth_controller/share/common-lisp/ros/depth_controller/msg/_package.lisp, /home/vscode/fav/catkin_ws/devel/share/common-lisp/ros/depth_controller/msg/_package.lisp)
Linked: (/home/vscode/fav/catkin_ws/devel/.private/depth_controller/share/common-lisp/ros/depth_controller/msg/_package_ActuatorCommands.lisp, /home/vscode/fav/catkin_ws/devel/share/common-lisp/ros/depth_controller/msg/_package_ActuatorCommands.lisp)
Linked: (/home/vscode/fav/catkin_ws/devel/.private/depth_controller/share/common-lisp/ros/depth_controller/msg/Orientation.lisp, /home/vscode/fav/catkin_ws/devel/share/common-lisp/ros/depth_controller/msg/Orientation.lisp)
Linked: (/home/vscode/fav/catkin_ws/devel/.private/depth_controller/lib/libgazebo_pressure_plugin.so, /home/vscode/fav/catkin_ws/devel/lib/libgazebo_pressure_plugin.so)
Linked: (/home/vscode/fav/catkin_ws/devel/.private/depth_controller/lib/python2.7/dist-packages/depth_controller/__init__.py, /home/vscode/fav/catkin_ws/devel/lib/python2.7/dist-packages/depth_controller/__init__.py)
Linked: (/home/vscode/fav/catkin_ws/devel/.private/depth_controller/lib/python2.7/dist-packages/depth_controller/msg/_ActuatorCommands.py, /home/vscode/fav/catkin_ws/devel/lib/python2.7/dist-packages/depth_controller/msg/_ActuatorCommands.py)
Linked: (/home/vscode/fav/catkin_ws/devel/.private/depth_controller/lib/python2.7/dist-packages/depth_controller/msg/__init__.py, /home/vscode/fav/catkin_ws/devel/lib/python2.7/dist-packages/depth_controller/msg/__init__.py)
Linked: (/home/vscode/fav/catkin_ws/devel/.private/depth_controller/lib/python2.7/dist-packages/depth_controller/msg/_Orientation.py, /home/vscode/fav/catkin_ws/devel/lib/python2.7/dist-packages/depth_controller/msg/_Orientation.py)
Linked: (/home/vscode/fav/catkin_ws/devel/.private/depth_controller/lib/pkgconfig/depth_controller.pc, /home/vscode/fav/catkin_ws/devel/lib/pkgconfig/depth_controller.pc)
Linked: (/home/vscode/fav/catkin_ws/devel/.private/depth_controller/include/depth_controller/Orientation.h, /home/vscode/fav/catkin_ws/devel/include/depth_controller/Orientation.h)
Linked: (/home/vscode/fav/catkin_ws/devel/.private/depth_controller/include/depth_controller/ActuatorCommands.h, /home/vscode/fav/catkin_ws/devel/include/depth_controller/ActuatorCommands.h)
