Symlinking /home/epa/fav/catkin_ws/devel/include/depth_controller/Orientation.h
Linked: (/home/epa/fav/catkin_ws/devel/.private/depth_controller/include/depth_controller/ActuatorCommands.h, /home/epa/fav/catkin_ws/devel/include/depth_controller/ActuatorCommands.h)
Linked: (/home/epa/fav/catkin_ws/devel/.private/depth_controller/share/roseus/ros/depth_controller/manifest.l, /home/epa/fav/catkin_ws/devel/share/roseus/ros/depth_controller/manifest.l)
Linked: (/home/epa/fav/catkin_ws/devel/.private/depth_controller/share/roseus/ros/depth_controller/msg/ActuatorCommands.l, /home/epa/fav/catkin_ws/devel/share/roseus/ros/depth_controller/msg/ActuatorCommands.l)
Symlinking /home/epa/fav/catkin_ws/devel/share/roseus/ros/depth_controller/msg/Orientation.l
Linked: (/home/epa/fav/catkin_ws/devel/.private/depth_controller/share/common-lisp/ros/depth_controller/msg/depth_controller-msg.asd, /home/epa/fav/catkin_ws/devel/share/common-lisp/ros/depth_controller/msg/depth_controller-msg.asd)
Linked: (/home/epa/fav/catkin_ws/devel/.private/depth_controller/share/common-lisp/ros/depth_controller/msg/_package.lisp, /home/epa/fav/catkin_ws/devel/share/common-lisp/ros/depth_controller/msg/_package.lisp)
Linked: (/home/epa/fav/catkin_ws/devel/.private/depth_controller/share/common-lisp/ros/depth_controller/msg/_package_ActuatorCommands.lisp, /home/epa/fav/catkin_ws/devel/share/common-lisp/ros/depth_controller/msg/_package_ActuatorCommands.lisp)
Linked: (/home/epa/fav/catkin_ws/devel/.private/depth_controller/share/common-lisp/ros/depth_controller/msg/ActuatorCommands.lisp, /home/epa/fav/catkin_ws/devel/share/common-lisp/ros/depth_controller/msg/ActuatorCommands.lisp)
Symlinking /home/epa/fav/catkin_ws/devel/share/common-lisp/ros/depth_controller/msg/_package_Orientation.lisp
Symlinking /home/epa/fav/catkin_ws/devel/share/common-lisp/ros/depth_controller/msg/Orientation.lisp
Linked: (/home/epa/fav/catkin_ws/devel/.private/depth_controller/share/depth_controller/cmake/depth_controller-msg-paths.cmake, /home/epa/fav/catkin_ws/devel/share/depth_controller/cmake/depth_controller-msg-paths.cmake)
Linked: (/home/epa/fav/catkin_ws/devel/.private/depth_controller/share/depth_controller/cmake/depth_controller-msg-extras.cmake, /home/epa/fav/catkin_ws/devel/share/depth_controller/cmake/depth_controller-msg-extras.cmake)
Linked: (/home/epa/fav/catkin_ws/devel/.private/depth_controller/share/depth_controller/cmake/depth_controllerConfig.cmake, /home/epa/fav/catkin_ws/devel/share/depth_controller/cmake/depth_controllerConfig.cmake)
Linked: (/home/epa/fav/catkin_ws/devel/.private/depth_controller/share/depth_controller/cmake/depth_controllerConfig-version.cmake, /home/epa/fav/catkin_ws/devel/share/depth_controller/cmake/depth_controllerConfig-version.cmake)
Linked: (/home/epa/fav/catkin_ws/devel/.private/depth_controller/share/gennodejs/ros/depth_controller/_index.js, /home/epa/fav/catkin_ws/devel/share/gennodejs/ros/depth_controller/_index.js)
Symlinking /home/epa/fav/catkin_ws/devel/share/gennodejs/ros/depth_controller/msg/Orientation.js
Linked: (/home/epa/fav/catkin_ws/devel/.private/depth_controller/share/gennodejs/ros/depth_controller/msg/_index.js, /home/epa/fav/catkin_ws/devel/share/gennodejs/ros/depth_controller/msg/_index.js)
Linked: (/home/epa/fav/catkin_ws/devel/.private/depth_controller/share/gennodejs/ros/depth_controller/msg/ActuatorCommands.js, /home/epa/fav/catkin_ws/devel/share/gennodejs/ros/depth_controller/msg/ActuatorCommands.js)
Warning: Cannot symlink from /home/epa/fav/catkin_ws/devel/.private/depth_controller/lib/libgazebo_pressure_plugin.so to existing file /home/epa/fav/catkin_ws/devel/lib/libgazebo_pressure_plugin.so
Warning: Source hash: ee9b7a802ed53ca93c71327c0e9da225
Warning: Dest hash: 6a12a1238ce4d29bbe80ae767043adef
Linked: (/home/epa/fav/catkin_ws/devel/.private/depth_controller/lib/python2.7/dist-packages/depth_controller/__init__.py, /home/epa/fav/catkin_ws/devel/lib/python2.7/dist-packages/depth_controller/__init__.py)
Symlinking /home/epa/fav/catkin_ws/devel/lib/python2.7/dist-packages/depth_controller/msg/_Orientation.py
Linked: (/home/epa/fav/catkin_ws/devel/.private/depth_controller/lib/python2.7/dist-packages/depth_controller/msg/__init__.py, /home/epa/fav/catkin_ws/devel/lib/python2.7/dist-packages/depth_controller/msg/__init__.py)
Linked: (/home/epa/fav/catkin_ws/devel/.private/depth_controller/lib/python2.7/dist-packages/depth_controller/msg/_ActuatorCommands.py, /home/epa/fav/catkin_ws/devel/lib/python2.7/dist-packages/depth_controller/msg/_ActuatorCommands.py)
Linked: (/home/epa/fav/catkin_ws/devel/.private/depth_controller/lib/pkgconfig/depth_controller.pc, /home/epa/fav/catkin_ws/devel/lib/pkgconfig/depth_controller.pc)
