Symlinking /home/vscode/fav/catkin_ws/devel/share/localization/cmake/localization-msg-paths.cmake
Symlinking /home/vscode/fav/catkin_ws/devel/share/roseus/ros/controller/manifest.l
Symlinking /home/vscode/fav/catkin_ws/devel/share/roseus/ros/controller/msg/newMsg.l
Symlinking /home/vscode/fav/catkin_ws/devel/share/gennodejs/ros/controller/_index.js
Symlinking /home/vscode/fav/catkin_ws/devel/share/gennodejs/ros/controller/msg/_index.js
Symlinking /home/vscode/fav/catkin_ws/devel/share/gennodejs/ros/controller/msg/newMsg.js
Symlinking /home/vscode/fav/catkin_ws/devel/share/common-lisp/ros/controller/msg/controller-msg.asd
Symlinking /home/vscode/fav/catkin_ws/devel/share/common-lisp/ros/controller/msg/_package.lisp
Symlinking /home/vscode/fav/catkin_ws/devel/share/common-lisp/ros/controller/msg/newMsg.lisp
Symlinking /home/vscode/fav/catkin_ws/devel/share/common-lisp/ros/controller/msg/_package_newMsg.lisp
Symlinking /home/vscode/fav/catkin_ws/devel/share/controller/cmake/controller-msg-extras.cmake
Symlinking /home/vscode/fav/catkin_ws/devel/share/controller/cmake/controller-msg-paths.cmake
Symlinking /home/vscode/fav/catkin_ws/devel/share/controller/cmake/controllerConfig.cmake
Symlinking /home/vscode/fav/catkin_ws/devel/share/controller/cmake/controllerConfig-version.cmake
Symlinking /home/vscode/fav/catkin_ws/devel/lib/python2.7/dist-packages/localization/__init__.py
Symlinking /home/vscode/fav/catkin_ws/devel/lib/python2.7/dist-packages/controller/__init__.py
Symlinking /home/vscode/fav/catkin_ws/devel/lib/python2.7/dist-packages/controller/msg/_newMsg.py
Symlinking /home/vscode/fav/catkin_ws/devel/lib/python2.7/dist-packages/controller/msg/__init__.py
Symlinking /home/vscode/fav/catkin_ws/devel/lib/pkgconfig/controller.pc
Symlinking /home/vscode/fav/catkin_ws/devel/include/controller/newMsg.h
