Linked: (/home/vscode/fav/catkin_ws/devel/.private/controller/share/localization/cmake/localization-msg-paths.cmake, /home/vscode/fav/catkin_ws/devel/share/localization/cmake/localization-msg-paths.cmake)
Linked: (/home/vscode/fav/catkin_ws/devel/.private/controller/share/roseus/ros/controller/manifest.l, /home/vscode/fav/catkin_ws/devel/share/roseus/ros/controller/manifest.l)
Linked: (/home/vscode/fav/catkin_ws/devel/.private/controller/share/roseus/ros/controller/msg/newMsg.l, /home/vscode/fav/catkin_ws/devel/share/roseus/ros/controller/msg/newMsg.l)
Linked: (/home/vscode/fav/catkin_ws/devel/.private/controller/share/gennodejs/ros/controller/_index.js, /home/vscode/fav/catkin_ws/devel/share/gennodejs/ros/controller/_index.js)
Linked: (/home/vscode/fav/catkin_ws/devel/.private/controller/share/gennodejs/ros/controller/msg/_index.js, /home/vscode/fav/catkin_ws/devel/share/gennodejs/ros/controller/msg/_index.js)
Linked: (/home/vscode/fav/catkin_ws/devel/.private/controller/share/gennodejs/ros/controller/msg/newMsg.js, /home/vscode/fav/catkin_ws/devel/share/gennodejs/ros/controller/msg/newMsg.js)
Linked: (/home/vscode/fav/catkin_ws/devel/.private/controller/share/common-lisp/ros/controller/msg/controller-msg.asd, /home/vscode/fav/catkin_ws/devel/share/common-lisp/ros/controller/msg/controller-msg.asd)
Linked: (/home/vscode/fav/catkin_ws/devel/.private/controller/share/common-lisp/ros/controller/msg/_package.lisp, /home/vscode/fav/catkin_ws/devel/share/common-lisp/ros/controller/msg/_package.lisp)
Linked: (/home/vscode/fav/catkin_ws/devel/.private/controller/share/common-lisp/ros/controller/msg/newMsg.lisp, /home/vscode/fav/catkin_ws/devel/share/common-lisp/ros/controller/msg/newMsg.lisp)
Linked: (/home/vscode/fav/catkin_ws/devel/.private/controller/share/common-lisp/ros/controller/msg/_package_newMsg.lisp, /home/vscode/fav/catkin_ws/devel/share/common-lisp/ros/controller/msg/_package_newMsg.lisp)
Linked: (/home/vscode/fav/catkin_ws/devel/.private/controller/share/controller/cmake/controller-msg-extras.cmake, /home/vscode/fav/catkin_ws/devel/share/controller/cmake/controller-msg-extras.cmake)
Linked: (/home/vscode/fav/catkin_ws/devel/.private/controller/share/controller/cmake/controller-msg-paths.cmake, /home/vscode/fav/catkin_ws/devel/share/controller/cmake/controller-msg-paths.cmake)
Linked: (/home/vscode/fav/catkin_ws/devel/.private/controller/share/controller/cmake/controllerConfig.cmake, /home/vscode/fav/catkin_ws/devel/share/controller/cmake/controllerConfig.cmake)
Linked: (/home/vscode/fav/catkin_ws/devel/.private/controller/share/controller/cmake/controllerConfig-version.cmake, /home/vscode/fav/catkin_ws/devel/share/controller/cmake/controllerConfig-version.cmake)
Linked: (/home/vscode/fav/catkin_ws/devel/.private/controller/lib/python2.7/dist-packages/localization/__init__.py, /home/vscode/fav/catkin_ws/devel/lib/python2.7/dist-packages/localization/__init__.py)
Linked: (/home/vscode/fav/catkin_ws/devel/.private/controller/lib/python2.7/dist-packages/controller/__init__.py, /home/vscode/fav/catkin_ws/devel/lib/python2.7/dist-packages/controller/__init__.py)
Linked: (/home/vscode/fav/catkin_ws/devel/.private/controller/lib/python2.7/dist-packages/controller/msg/_newMsg.py, /home/vscode/fav/catkin_ws/devel/lib/python2.7/dist-packages/controller/msg/_newMsg.py)
Linked: (/home/vscode/fav/catkin_ws/devel/.private/controller/lib/python2.7/dist-packages/controller/msg/__init__.py, /home/vscode/fav/catkin_ws/devel/lib/python2.7/dist-packages/controller/msg/__init__.py)
Linked: (/home/vscode/fav/catkin_ws/devel/.private/controller/lib/pkgconfig/controller.pc, /home/vscode/fav/catkin_ws/devel/lib/pkgconfig/controller.pc)
Linked: (/home/vscode/fav/catkin_ws/devel/.private/controller/include/controller/newMsg.h, /home/vscode/fav/catkin_ws/devel/include/controller/newMsg.h)
