[35m[1mScanning dependencies of target _localization_generate_messages_check_deps_newMsg[0m
[35m[1mScanning dependencies of target std_msgs_generate_messages_lisp[0m
[35m[1mScanning dependencies of target std_msgs_generate_messages_py[0m
[35m[1mScanning dependencies of target std_msgs_generate_messages_cpp[0m
[35m[1mScanning dependencies of target std_msgs_generate_messages_nodejs[0m
[35m[1mScanning dependencies of target std_msgs_generate_messages_eus[0m
[  0%] Built target std_msgs_generate_messages_lisp
[  0%] Built target std_msgs_generate_messages_cpp
[  0%] Built target std_msgs_generate_messages_py
[  0%] Built target std_msgs_generate_messages_eus
[  0%] Built target std_msgs_generate_messages_nodejs
[  0%] Built target _localization_generate_messages_check_deps_newMsg
[35m[1mScanning dependencies of target localization_generate_messages_nodejs[0m
[35m[1mScanning dependencies of target localization_generate_messages_py[0m
[35m[1mScanning dependencies of target localization_generate_messages_cpp[0m
[35m[1mScanning dependencies of target localization_generate_messages_lisp[0m
[35m[1mScanning dependencies of target localization_generate_messages_eus[0m
[ 14%] [34m[1mGenerating Javascript code from localization/newMsg.msg[0m
[ 28%] [34m[1mGenerating Python from MSG localization/newMsg[0m
[ 42%] [34m[1mGenerating C++ code from localization/newMsg.msg[0m
[ 57%] [34m[1mGenerating Lisp code from localization/newMsg.msg[0m
[ 71%] [34m[1mGenerating EusLisp code from localization/newMsg.msg[0m
[ 85%] [34m[1mGenerating EusLisp manifest code for localization[0m
[ 85%] Built target localization_generate_messages_nodejs
[ 85%] Built target localization_generate_messages_lisp
[ 85%] Built target localization_generate_messages_cpp
[100%] [34m[1mGenerating Python msg __init__.py for localization[0m
[100%] Built target localization_generate_messages_py
[100%] Built target localization_generate_messages_eus
[35m[1mScanning dependencies of target localization_generate_messages[0m
[100%] Built target localization_generate_messages
