Linked: (/home/vscode/fav/catkin_ws/devel/.private/bluerov_sim/share/bluerov_sim/cmake/bluerov_sim-msg-paths.cmake, /home/vscode/fav/catkin_ws/devel/share/bluerov_sim/cmake/bluerov_sim-msg-paths.cmake)
Linked: (/home/vscode/fav/catkin_ws/devel/.private/bluerov_sim/share/bluerov_sim/cmake/bluerov_simConfig.cmake, /home/vscode/fav/catkin_ws/devel/share/bluerov_sim/cmake/bluerov_simConfig.cmake)
Linked: (/home/vscode/fav/catkin_ws/devel/.private/bluerov_sim/share/bluerov_sim/cmake/bluerov_sim-msg-extras.cmake, /home/vscode/fav/catkin_ws/devel/share/bluerov_sim/cmake/bluerov_sim-msg-extras.cmake)
Linked: (/home/vscode/fav/catkin_ws/devel/.private/bluerov_sim/share/bluerov_sim/cmake/bluerov_simConfig-version.cmake, /home/vscode/fav/catkin_ws/devel/share/bluerov_sim/cmake/bluerov_simConfig-version.cmake)
Linked: (/home/vscode/fav/catkin_ws/devel/.private/bluerov_sim/share/roseus/ros/bluerov_sim/manifest.l, /home/vscode/fav/catkin_ws/devel/share/roseus/ros/bluerov_sim/manifest.l)
Linked: (/home/vscode/fav/catkin_ws/devel/.private/bluerov_sim/share/roseus/ros/bluerov_sim/msg/ActuatorCommands.l, /home/vscode/fav/catkin_ws/devel/share/roseus/ros/bluerov_sim/msg/ActuatorCommands.l)
Linked: (/home/vscode/fav/catkin_ws/devel/.private/bluerov_sim/share/gennodejs/ros/bluerov_sim/_index.js, /home/vscode/fav/catkin_ws/devel/share/gennodejs/ros/bluerov_sim/_index.js)
Linked: (/home/vscode/fav/catkin_ws/devel/.private/bluerov_sim/share/gennodejs/ros/bluerov_sim/msg/_index.js, /home/vscode/fav/catkin_ws/devel/share/gennodejs/ros/bluerov_sim/msg/_index.js)
Linked: (/home/vscode/fav/catkin_ws/devel/.private/bluerov_sim/share/gennodejs/ros/bluerov_sim/msg/ActuatorCommands.js, /home/vscode/fav/catkin_ws/devel/share/gennodejs/ros/bluerov_sim/msg/ActuatorCommands.js)
Linked: (/home/vscode/fav/catkin_ws/devel/.private/bluerov_sim/share/common-lisp/ros/bluerov_sim/msg/ActuatorCommands.lisp, /home/vscode/fav/catkin_ws/devel/share/common-lisp/ros/bluerov_sim/msg/ActuatorCommands.lisp)
Linked: (/home/vscode/fav/catkin_ws/devel/.private/bluerov_sim/share/common-lisp/ros/bluerov_sim/msg/_package.lisp, /home/vscode/fav/catkin_ws/devel/share/common-lisp/ros/bluerov_sim/msg/_package.lisp)
Linked: (/home/vscode/fav/catkin_ws/devel/.private/bluerov_sim/share/common-lisp/ros/bluerov_sim/msg/bluerov_sim-msg.asd, /home/vscode/fav/catkin_ws/devel/share/common-lisp/ros/bluerov_sim/msg/bluerov_sim-msg.asd)
Linked: (/home/vscode/fav/catkin_ws/devel/.private/bluerov_sim/share/common-lisp/ros/bluerov_sim/msg/_package_ActuatorCommands.lisp, /home/vscode/fav/catkin_ws/devel/share/common-lisp/ros/bluerov_sim/msg/_package_ActuatorCommands.lisp)
Linked: (/home/vscode/fav/catkin_ws/devel/.private/bluerov_sim/lib/libgazebo_range_sensor_plugin.so, /home/vscode/fav/catkin_ws/devel/lib/libgazebo_range_sensor_plugin.so)
Warning: Cannot symlink from /home/vscode/fav/catkin_ws/devel/.private/bluerov_sim/lib/libgazebo_pressure_plugin.so to existing file /home/vscode/fav/catkin_ws/devel/lib/libgazebo_pressure_plugin.so
Warning: Source hash: 3a213d2225358f4d593d9abab84f1e70
Warning: Dest hash: ae666dae9202f85372d8bfb61314ad1b
Linked: (/home/vscode/fav/catkin_ws/devel/.private/bluerov_sim/lib/python2.7/dist-packages/bluerov_sim/__init__.py, /home/vscode/fav/catkin_ws/devel/lib/python2.7/dist-packages/bluerov_sim/__init__.py)
Linked: (/home/vscode/fav/catkin_ws/devel/.private/bluerov_sim/lib/python2.7/dist-packages/bluerov_sim/msg/_ActuatorCommands.py, /home/vscode/fav/catkin_ws/devel/lib/python2.7/dist-packages/bluerov_sim/msg/_ActuatorCommands.py)
Linked: (/home/vscode/fav/catkin_ws/devel/.private/bluerov_sim/lib/python2.7/dist-packages/bluerov_sim/msg/__init__.py, /home/vscode/fav/catkin_ws/devel/lib/python2.7/dist-packages/bluerov_sim/msg/__init__.py)
Linked: (/home/vscode/fav/catkin_ws/devel/.private/bluerov_sim/lib/pkgconfig/bluerov_sim.pc, /home/vscode/fav/catkin_ws/devel/lib/pkgconfig/bluerov_sim.pc)
Linked: (/home/vscode/fav/catkin_ws/devel/.private/bluerov_sim/include/bluerov_sim/ActuatorCommands.h, /home/vscode/fav/catkin_ws/devel/include/bluerov_sim/ActuatorCommands.h)
