Linked: (/home/vscode/fav/catkin_ws/devel/.private/controller_main/share/controller_main/cmake/controller_main-msg-extras.cmake, /home/vscode/fav/catkin_ws/devel/share/controller_main/cmake/controller_main-msg-extras.cmake)
Linked: (/home/vscode/fav/catkin_ws/devel/.private/controller_main/share/controller_main/cmake/controller_main-msg-paths.cmake, /home/vscode/fav/catkin_ws/devel/share/controller_main/cmake/controller_main-msg-paths.cmake)
Linked: (/home/vscode/fav/catkin_ws/devel/.private/controller_main/share/controller_main/cmake/controller_mainConfig-version.cmake, /home/vscode/fav/catkin_ws/devel/share/controller_main/cmake/controller_mainConfig-version.cmake)
Linked: (/home/vscode/fav/catkin_ws/devel/.private/controller_main/share/controller_main/cmake/controller_mainConfig.cmake, /home/vscode/fav/catkin_ws/devel/share/controller_main/cmake/controller_mainConfig.cmake)
Linked: (/home/vscode/fav/catkin_ws/devel/.private/controller_main/share/roseus/ros/controller_main/manifest.l, /home/vscode/fav/catkin_ws/devel/share/roseus/ros/controller_main/manifest.l)
Linked: (/home/vscode/fav/catkin_ws/devel/.private/controller_main/share/roseus/ros/controller_main/msg/currentPose.l, /home/vscode/fav/catkin_ws/devel/share/roseus/ros/controller_main/msg/currentPose.l)
Linked: (/home/vscode/fav/catkin_ws/devel/.private/controller_main/share/gennodejs/ros/controller_main/_index.js, /home/vscode/fav/catkin_ws/devel/share/gennodejs/ros/controller_main/_index.js)
Linked: (/home/vscode/fav/catkin_ws/devel/.private/controller_main/share/gennodejs/ros/controller_main/msg/currentPose.js, /home/vscode/fav/catkin_ws/devel/share/gennodejs/ros/controller_main/msg/currentPose.js)
Linked: (/home/vscode/fav/catkin_ws/devel/.private/controller_main/share/gennodejs/ros/controller_main/msg/_index.js, /home/vscode/fav/catkin_ws/devel/share/gennodejs/ros/controller_main/msg/_index.js)
Linked: (/home/vscode/fav/catkin_ws/devel/.private/controller_main/share/common-lisp/ros/controller_main/msg/_package.lisp, /home/vscode/fav/catkin_ws/devel/share/common-lisp/ros/controller_main/msg/_package.lisp)
Linked: (/home/vscode/fav/catkin_ws/devel/.private/controller_main/share/common-lisp/ros/controller_main/msg/_package_currentPose.lisp, /home/vscode/fav/catkin_ws/devel/share/common-lisp/ros/controller_main/msg/_package_currentPose.lisp)
Linked: (/home/vscode/fav/catkin_ws/devel/.private/controller_main/share/common-lisp/ros/controller_main/msg/currentPose.lisp, /home/vscode/fav/catkin_ws/devel/share/common-lisp/ros/controller_main/msg/currentPose.lisp)
Linked: (/home/vscode/fav/catkin_ws/devel/.private/controller_main/share/common-lisp/ros/controller_main/msg/controller_main-msg.asd, /home/vscode/fav/catkin_ws/devel/share/common-lisp/ros/controller_main/msg/controller_main-msg.asd)
Warning: Cannot symlink from /home/vscode/fav/catkin_ws/devel/.private/controller_main/lib/libgazebo_pressure_plugin.so to existing file /home/vscode/fav/catkin_ws/devel/lib/libgazebo_pressure_plugin.so
Warning: Source hash: e6f91adf1e23bb0fff7a1cd3bdf03ab7
Warning: Dest hash: ae666dae9202f85372d8bfb61314ad1b
Linked: (/home/vscode/fav/catkin_ws/devel/.private/controller_main/lib/python2.7/dist-packages/controller_main/__init__.py, /home/vscode/fav/catkin_ws/devel/lib/python2.7/dist-packages/controller_main/__init__.py)
Linked: (/home/vscode/fav/catkin_ws/devel/.private/controller_main/lib/python2.7/dist-packages/controller_main/msg/_currentPose.py, /home/vscode/fav/catkin_ws/devel/lib/python2.7/dist-packages/controller_main/msg/_currentPose.py)
Linked: (/home/vscode/fav/catkin_ws/devel/.private/controller_main/lib/python2.7/dist-packages/controller_main/msg/__init__.py, /home/vscode/fav/catkin_ws/devel/lib/python2.7/dist-packages/controller_main/msg/__init__.py)
Linked: (/home/vscode/fav/catkin_ws/devel/.private/controller_main/lib/pkgconfig/controller_main.pc, /home/vscode/fav/catkin_ws/devel/lib/pkgconfig/controller_main.pc)
Linked: (/home/vscode/fav/catkin_ws/devel/.private/controller_main/include/controller_main/currentPose.h, /home/vscode/fav/catkin_ws/devel/include/controller_main/currentPose.h)
