Symlinking /home/epa/fav/catkin_ws/devel/include/fav_projects/ActuatorCommands.h
Symlinking /home/epa/fav/catkin_ws/devel/share/roseus/ros/fav_projects/manifest.l
Symlinking /home/epa/fav/catkin_ws/devel/share/roseus/ros/fav_projects/msg/ActuatorCommands.l
Symlinking /home/epa/fav/catkin_ws/devel/share/common-lisp/ros/fav_projects/msg/fav_projects-msg.asd
Symlinking /home/epa/fav/catkin_ws/devel/share/common-lisp/ros/fav_projects/msg/_package.lisp
Symlinking /home/epa/fav/catkin_ws/devel/share/common-lisp/ros/fav_projects/msg/_package_ActuatorCommands.lisp
Symlinking /home/epa/fav/catkin_ws/devel/share/common-lisp/ros/fav_projects/msg/ActuatorCommands.lisp
Symlinking /home/epa/fav/catkin_ws/devel/share/fav_projects/cmake/fav_projectsConfig.cmake
Symlinking /home/epa/fav/catkin_ws/devel/share/fav_projects/cmake/fav_projectsConfig-version.cmake
Symlinking /home/epa/fav/catkin_ws/devel/share/fav_projects/cmake/fav_projects-msg-paths.cmake
Symlinking /home/epa/fav/catkin_ws/devel/share/fav_projects/cmake/fav_projects-msg-extras.cmake
Symlinking /home/epa/fav/catkin_ws/devel/share/gennodejs/ros/fav_projects/_index.js
Symlinking /home/epa/fav/catkin_ws/devel/share/gennodejs/ros/fav_projects/msg/_index.js
Symlinking /home/epa/fav/catkin_ws/devel/share/gennodejs/ros/fav_projects/msg/ActuatorCommands.js
Warning: Cannot symlink from /home/epa/fav/catkin_ws/devel/.private/fav_projects/lib/libgazebo_pressure_plugin.so to existing file /home/epa/fav/catkin_ws/devel/lib/libgazebo_pressure_plugin.so
Warning: Source hash: 39d8e692579660cbf1af005e6e7b717d
Warning: Dest hash: 6a12a1238ce4d29bbe80ae767043adef
Symlinking /home/epa/fav/catkin_ws/devel/lib/python2.7/dist-packages/fav_projects/__init__.py
Symlinking /home/epa/fav/catkin_ws/devel/lib/python2.7/dist-packages/fav_projects/msg/__init__.py
Symlinking /home/epa/fav/catkin_ws/devel/lib/python2.7/dist-packages/fav_projects/msg/_ActuatorCommands.py
Symlinking /home/epa/fav/catkin_ws/devel/lib/pkgconfig/fav_projects.pc
