Linked: (/home/epa/fav/catkin_ws/devel/.private/fav_projects/include/fav_projects/ActuatorCommands.h, /home/epa/fav/catkin_ws/devel/include/fav_projects/ActuatorCommands.h)
Linked: (/home/epa/fav/catkin_ws/devel/.private/fav_projects/share/roseus/ros/fav_projects/manifest.l, /home/epa/fav/catkin_ws/devel/share/roseus/ros/fav_projects/manifest.l)
Linked: (/home/epa/fav/catkin_ws/devel/.private/fav_projects/share/roseus/ros/fav_projects/msg/ActuatorCommands.l, /home/epa/fav/catkin_ws/devel/share/roseus/ros/fav_projects/msg/ActuatorCommands.l)
Linked: (/home/epa/fav/catkin_ws/devel/.private/fav_projects/share/common-lisp/ros/fav_projects/msg/fav_projects-msg.asd, /home/epa/fav/catkin_ws/devel/share/common-lisp/ros/fav_projects/msg/fav_projects-msg.asd)
Linked: (/home/epa/fav/catkin_ws/devel/.private/fav_projects/share/common-lisp/ros/fav_projects/msg/_package.lisp, /home/epa/fav/catkin_ws/devel/share/common-lisp/ros/fav_projects/msg/_package.lisp)
Linked: (/home/epa/fav/catkin_ws/devel/.private/fav_projects/share/common-lisp/ros/fav_projects/msg/_package_ActuatorCommands.lisp, /home/epa/fav/catkin_ws/devel/share/common-lisp/ros/fav_projects/msg/_package_ActuatorCommands.lisp)
Linked: (/home/epa/fav/catkin_ws/devel/.private/fav_projects/share/common-lisp/ros/fav_projects/msg/ActuatorCommands.lisp, /home/epa/fav/catkin_ws/devel/share/common-lisp/ros/fav_projects/msg/ActuatorCommands.lisp)
Linked: (/home/epa/fav/catkin_ws/devel/.private/fav_projects/share/fav_projects/cmake/fav_projectsConfig.cmake, /home/epa/fav/catkin_ws/devel/share/fav_projects/cmake/fav_projectsConfig.cmake)
Linked: (/home/epa/fav/catkin_ws/devel/.private/fav_projects/share/fav_projects/cmake/fav_projectsConfig-version.cmake, /home/epa/fav/catkin_ws/devel/share/fav_projects/cmake/fav_projectsConfig-version.cmake)
Linked: (/home/epa/fav/catkin_ws/devel/.private/fav_projects/share/fav_projects/cmake/fav_projects-msg-paths.cmake, /home/epa/fav/catkin_ws/devel/share/fav_projects/cmake/fav_projects-msg-paths.cmake)
Linked: (/home/epa/fav/catkin_ws/devel/.private/fav_projects/share/fav_projects/cmake/fav_projects-msg-extras.cmake, /home/epa/fav/catkin_ws/devel/share/fav_projects/cmake/fav_projects-msg-extras.cmake)
Linked: (/home/epa/fav/catkin_ws/devel/.private/fav_projects/share/gennodejs/ros/fav_projects/_index.js, /home/epa/fav/catkin_ws/devel/share/gennodejs/ros/fav_projects/_index.js)
Linked: (/home/epa/fav/catkin_ws/devel/.private/fav_projects/share/gennodejs/ros/fav_projects/msg/_index.js, /home/epa/fav/catkin_ws/devel/share/gennodejs/ros/fav_projects/msg/_index.js)
Linked: (/home/epa/fav/catkin_ws/devel/.private/fav_projects/share/gennodejs/ros/fav_projects/msg/ActuatorCommands.js, /home/epa/fav/catkin_ws/devel/share/gennodejs/ros/fav_projects/msg/ActuatorCommands.js)
Warning: Cannot symlink from /home/epa/fav/catkin_ws/devel/.private/fav_projects/lib/libgazebo_pressure_plugin.so to existing file /home/epa/fav/catkin_ws/devel/lib/libgazebo_pressure_plugin.so
Warning: Source hash: 39d8e692579660cbf1af005e6e7b717d
Warning: Dest hash: 6a12a1238ce4d29bbe80ae767043adef
Linked: (/home/epa/fav/catkin_ws/devel/.private/fav_projects/lib/python2.7/dist-packages/fav_projects/__init__.py, /home/epa/fav/catkin_ws/devel/lib/python2.7/dist-packages/fav_projects/__init__.py)
Linked: (/home/epa/fav/catkin_ws/devel/.private/fav_projects/lib/python2.7/dist-packages/fav_projects/msg/__init__.py, /home/epa/fav/catkin_ws/devel/lib/python2.7/dist-packages/fav_projects/msg/__init__.py)
Linked: (/home/epa/fav/catkin_ws/devel/.private/fav_projects/lib/python2.7/dist-packages/fav_projects/msg/_ActuatorCommands.py, /home/epa/fav/catkin_ws/devel/lib/python2.7/dist-packages/fav_projects/msg/_ActuatorCommands.py)
Linked: (/home/epa/fav/catkin_ws/devel/.private/fav_projects/lib/pkgconfig/fav_projects.pc, /home/epa/fav/catkin_ws/devel/lib/pkgconfig/fav_projects.pc)
