Linked: (/home/vscode/fav/catkin_ws/devel/.private/range_sensor/share/range_sensor/cmake/range_sensorConfig.cmake, /home/vscode/fav/catkin_ws/devel/share/range_sensor/cmake/range_sensorConfig.cmake)
Linked: (/home/vscode/fav/catkin_ws/devel/.private/range_sensor/share/range_sensor/cmake/range_sensor-msg-paths.cmake, /home/vscode/fav/catkin_ws/devel/share/range_sensor/cmake/range_sensor-msg-paths.cmake)
Linked: (/home/vscode/fav/catkin_ws/devel/.private/range_sensor/share/range_sensor/cmake/range_sensorConfig-version.cmake, /home/vscode/fav/catkin_ws/devel/share/range_sensor/cmake/range_sensorConfig-version.cmake)
Linked: (/home/vscode/fav/catkin_ws/devel/.private/range_sensor/share/range_sensor/cmake/range_sensor-msg-extras.cmake, /home/vscode/fav/catkin_ws/devel/share/range_sensor/cmake/range_sensor-msg-extras.cmake)
Linked: (/home/vscode/fav/catkin_ws/devel/.private/range_sensor/share/roseus/ros/range_sensor/manifest.l, /home/vscode/fav/catkin_ws/devel/share/roseus/ros/range_sensor/manifest.l)
Linked: (/home/vscode/fav/catkin_ws/devel/.private/range_sensor/share/roseus/ros/range_sensor/msg/RangeMeasurementArray.l, /home/vscode/fav/catkin_ws/devel/share/roseus/ros/range_sensor/msg/RangeMeasurementArray.l)
Linked: (/home/vscode/fav/catkin_ws/devel/.private/range_sensor/share/roseus/ros/range_sensor/msg/RangeMeasurement.l, /home/vscode/fav/catkin_ws/devel/share/roseus/ros/range_sensor/msg/RangeMeasurement.l)
Linked: (/home/vscode/fav/catkin_ws/devel/.private/range_sensor/share/gennodejs/ros/range_sensor/_index.js, /home/vscode/fav/catkin_ws/devel/share/gennodejs/ros/range_sensor/_index.js)
Linked: (/home/vscode/fav/catkin_ws/devel/.private/range_sensor/share/gennodejs/ros/range_sensor/msg/RangeMeasurementArray.js, /home/vscode/fav/catkin_ws/devel/share/gennodejs/ros/range_sensor/msg/RangeMeasurementArray.js)
Linked: (/home/vscode/fav/catkin_ws/devel/.private/range_sensor/share/gennodejs/ros/range_sensor/msg/_index.js, /home/vscode/fav/catkin_ws/devel/share/gennodejs/ros/range_sensor/msg/_index.js)
Linked: (/home/vscode/fav/catkin_ws/devel/.private/range_sensor/share/gennodejs/ros/range_sensor/msg/RangeMeasurement.js, /home/vscode/fav/catkin_ws/devel/share/gennodejs/ros/range_sensor/msg/RangeMeasurement.js)
Linked: (/home/vscode/fav/catkin_ws/devel/.private/range_sensor/share/common-lisp/ros/range_sensor/msg/range_sensor-msg.asd, /home/vscode/fav/catkin_ws/devel/share/common-lisp/ros/range_sensor/msg/range_sensor-msg.asd)
Linked: (/home/vscode/fav/catkin_ws/devel/.private/range_sensor/share/common-lisp/ros/range_sensor/msg/RangeMeasurementArray.lisp, /home/vscode/fav/catkin_ws/devel/share/common-lisp/ros/range_sensor/msg/RangeMeasurementArray.lisp)
Linked: (/home/vscode/fav/catkin_ws/devel/.private/range_sensor/share/common-lisp/ros/range_sensor/msg/RangeMeasurement.lisp, /home/vscode/fav/catkin_ws/devel/share/common-lisp/ros/range_sensor/msg/RangeMeasurement.lisp)
Linked: (/home/vscode/fav/catkin_ws/devel/.private/range_sensor/share/common-lisp/ros/range_sensor/msg/_package.lisp, /home/vscode/fav/catkin_ws/devel/share/common-lisp/ros/range_sensor/msg/_package.lisp)
Linked: (/home/vscode/fav/catkin_ws/devel/.private/range_sensor/share/common-lisp/ros/range_sensor/msg/_package_RangeMeasurement.lisp, /home/vscode/fav/catkin_ws/devel/share/common-lisp/ros/range_sensor/msg/_package_RangeMeasurement.lisp)
Linked: (/home/vscode/fav/catkin_ws/devel/.private/range_sensor/share/common-lisp/ros/range_sensor/msg/_package_RangeMeasurementArray.lisp, /home/vscode/fav/catkin_ws/devel/share/common-lisp/ros/range_sensor/msg/_package_RangeMeasurementArray.lisp)
Linked: (/home/vscode/fav/catkin_ws/devel/.private/range_sensor/lib/python2.7/dist-packages/range_sensor/__init__.py, /home/vscode/fav/catkin_ws/devel/lib/python2.7/dist-packages/range_sensor/__init__.py)
Linked: (/home/vscode/fav/catkin_ws/devel/.private/range_sensor/lib/python2.7/dist-packages/range_sensor/msg/_RangeMeasurement.py, /home/vscode/fav/catkin_ws/devel/lib/python2.7/dist-packages/range_sensor/msg/_RangeMeasurement.py)
Linked: (/home/vscode/fav/catkin_ws/devel/.private/range_sensor/lib/python2.7/dist-packages/range_sensor/msg/_RangeMeasurementArray.py, /home/vscode/fav/catkin_ws/devel/lib/python2.7/dist-packages/range_sensor/msg/_RangeMeasurementArray.py)
Linked: (/home/vscode/fav/catkin_ws/devel/.private/range_sensor/lib/python2.7/dist-packages/range_sensor/msg/__init__.py, /home/vscode/fav/catkin_ws/devel/lib/python2.7/dist-packages/range_sensor/msg/__init__.py)
Linked: (/home/vscode/fav/catkin_ws/devel/.private/range_sensor/lib/pkgconfig/range_sensor.pc, /home/vscode/fav/catkin_ws/devel/lib/pkgconfig/range_sensor.pc)
Linked: (/home/vscode/fav/catkin_ws/devel/.private/range_sensor/include/range_sensor/RangeMeasurement.h, /home/vscode/fav/catkin_ws/devel/include/range_sensor/RangeMeasurement.h)
Linked: (/home/vscode/fav/catkin_ws/devel/.private/range_sensor/include/range_sensor/RangeMeasurementArray.h, /home/vscode/fav/catkin_ws/devel/include/range_sensor/RangeMeasurementArray.h)
